// Spring Shell 1.2.0.M1 log opened at 2016-03-24 02:43:27
// Spring Shell 1.2.0.M1 log opened at 2016-03-24 02:45:02
// Spring Shell 1.2.0.M1 log opened at 2016-03-24 02:46:29
// Spring Shell 1.2.0.M1 log opened at 2016-03-24 02:56:04
// Spring Shell 1.2.0.M1 log opened at 2016-03-24 02:56:33
// Spring Shell 1.2.0.M1 log opened at 2016-03-24 02:57:16
// Spring Shell 1.2.0.M1 log opened at 2016-03-24 03:01:04
// Spring Shell 1.2.0.M1 log opened at 2016-03-24 03:02:50
// Spring Shell 1.2.0.M1 log opened at 2016-03-24 03:03:42
// Spring Shell 1.2.0.M1 log opened at 2016-03-24 03:05:17
// Spring Shell 1.2.0.M1 log opened at 2016-03-24 03:06:51
// Spring Shell 1.2.0.M1 log opened at 2016-03-24 03:07:13
// Spring Shell 1.2.0.M1 log opened at 2016-03-24 03:08:56
// Spring Shell 1.2.0.M1 log opened at 2016-03-24 03:09:09
// Spring Shell 1.2.0.M1 log opened at 2016-03-24 03:09:22
// Spring Shell 1.2.0.M1 log opened at 2016-03-24 03:25:11
// Spring Shell 1.2.0.M1 log opened at 2016-03-24 03:27:41
// Spring Shell 1.2.0.M1 log opened at 2016-03-24 03:27:51
// Spring Shell 1.2.0.M1 log opened at 2016-03-24 03:30:08
he
// [failed] hw simple --message world
// Spring Shell 1.2.0.M1 log opened at 2016-03-24 03:31:18
hw simple --message world
// Spring Shell 1.2.0.M1 log opened at 2016-03-24 03:36:56
// dataflow 1.2.0.M1 log opened at 2016-03-24 03:59:46
// dataflow 1.2.0.M1 log opened at 2016-03-24 04:00:09
system properties
// dataflow 1.2.0.M1 log opened at 2016-03-24 04:05:42
cls
dataflow config server http://localhost:9393
// Spring Shell 1.2.0.M1 log opened at 2016-03-24 04:23:03
// Spring Shell 1.2.0.M1 log opened at 2016-03-24 04:23:19
hw simple --message world
